[2025-04-18 17:25:37]	[info] incremental build: 14 source files changed
These source files will be recompiled
---
'd:\01_EGGER\program\STM32Project\EGGER_2\hal\STM32F10x_StdPeriph_Driver\src\misc.c': object (.o) file not exist
'd:\01_EGGER\program\STM32Project\EGGER_2\hal\STM32F10x_StdPeriph_Driver\src\stm32f10x_adc.c': object (.o) file not exist
'd:\01_EGGER\program\STM32Project\EGGER_2\hal\STM32F10x_StdPeriph_Driver\src\stm32f10x_exti.c': object (.o) file not exist
'd:\01_EGGER\program\STM32Project\EGGER_2\hal\STM32F10x_StdPeriph_Driver\src\stm32f10x_gpio.c': object (.o) file not exist
'd:\01_EGGER\program\STM32Project\EGGER_2\hal\STM32F10x_StdPeriph_Driver\src\stm32f10x_rcc.c': object (.o) file not exist
'd:\01_EGGER\program\STM32Project\EGGER_2\hal\STM32F10x_StdPeriph_Driver\src\stm32f10x_spi.c': object (.o) file not exist
'd:\01_EGGER\program\STM32Project\EGGER_2\hal\STM32F10x_StdPeriph_Driver\src\stm32f10x_tim.c': object (.o) file not exist
'd:\01_EGGER\program\STM32Project\EGGER_2\hal\STM32F10x_StdPeriph_Driver\src\stm32f10x_usart.c': object (.o) file not exist
'd:\01_EGGER\program\STM32Project\EGGER_2\hal\STM32F10x_StdPeriph_Driver\system_stm32f10x.c': object (.o) file not exist
'd:\01_EGGER\program\STM32Project\EGGER_2\src\Modules\PWM.c': object (.o) file not exist
'd:\01_EGGER\program\STM32Project\EGGER_2\src\Modules\Serial.c': object (.o) file not exist
'd:\01_EGGER\program\STM32Project\EGGER_2\src\main.c': object (.o) file not exist
'd:\01_EGGER\program\STM32Project\EGGER_2\src\startup_stm32f10x_md.s': object (.o) file not exist
'd:\01_EGGER\program\STM32Project\EGGER_2\src\stm32f10x_it.c': object (.o) file not exist

[2025-04-18 17:25:38]	compilation failed at : "d:\01_EGGER\program\STM32Project\EGGER_2\src\Modules\PWM.c", exit code: 1
command: 
  "C:\Users\chi62\.eide\tools\gcc_arm\bin\arm-none-eabi-gcc.exe" -c -xc -mthumb -std=c11 -Isrc -Ilib/cmsis -Ihal/STM32F10x_StdPeriph_Driver -Ihal/STM32F10x_StdPeriph_Driver/inc -Ihal/STM32F10x_StdPeriph_Driver/src -DUSE_STDPERIPH_DRIVER -DSTM32F10X_MD -mcpu=cortex-m3 -Og -Wall -g --specs=nosys.specs --specs=nano.specs -ffunction-sections -fdata-sections -o ./build/Debug/.obj/src/Modules/PWM.o -MMD ./src/Modules/PWM.c
   at unify_builder.Program.compileByMulThread(Int32 thrNum, CmdInfo[] cmds_, List`1 errLogs)
   at unify_builder.Program.Main(String[] args_)
---
./src/Modules/PWM.c: In function 'PWM_Init':
./src/Modules/PWM.c:13:51: error: expected expression before '|' token
   13 |     GPIO_InitStructure.GPIO_Pin = PWM1_OUTPUT_PIN | PWM2_OUTPUT_PIN;
      |                                                   ^

[2025-04-18 17:26:36]	[info] incremental build: 5 source files changed
These source files will be recompiled
---
'd:\01_EGGER\program\STM32Project\EGGER_2\src\Modules\PWM.c': object (.o) file not exist
'd:\01_EGGER\program\STM32Project\EGGER_2\src\Modules\Serial.c': object (.o) file not exist
'd:\01_EGGER\program\STM32Project\EGGER_2\src\main.c': object (.o) file not exist
'd:\01_EGGER\program\STM32Project\EGGER_2\src\startup_stm32f10x_md.s': object (.o) file not exist
'd:\01_EGGER\program\STM32Project\EGGER_2\src\stm32f10x_it.c': object (.o) file not exist

[2025-04-18 17:26:37]	[done]
	build successfully !

[2025-04-18 17:26:55]	[info] incremental build: 1 source files changed
These source files will be recompiled
---
'd:\01_EGGER\program\STM32Project\EGGER_2\src\main.c': dependence 'd:\01_EGGER\program\STM32Project\EGGER_2\src\Modules\Serial.h' has been changed.

[2025-04-18 17:26:55]	[done]
	build successfully !

[2025-04-18 22:25:23]	[done]
	build successfully !

[2025-04-19 14:08:59]	[info] incremental build: 3 source files changed
These source files will be recompiled
---
'd:\01_EGGER\program\STM32Project\EGGER_2\src\Modules\Motor.c': object (.o) file not exist
'd:\01_EGGER\program\STM32Project\EGGER_2\src\Modules\PWM.c': source file has been changed.
'd:\01_EGGER\program\STM32Project\EGGER_2\src\main.c': dependence 'd:\01_EGGER\program\STM32Project\EGGER_2\src\Modules\PWM.h' has been changed.

[2025-04-19 14:09:00]	[done]
	build successfully !

[2025-04-19 14:09:06]	[info] incremental build: 1 source files changed
These source files will be recompiled
---
'd:\01_EGGER\program\STM32Project\EGGER_2\src\Modules\PWM.c': source file has been changed.

[2025-04-19 14:09:06]	[done]
	build successfully !

[2025-04-19 14:11:59]	[info] incremental build: 1 source files changed
These source files will be recompiled
---
'd:\01_EGGER\program\STM32Project\EGGER_2\src\Modules\PWM.c': source file has been changed.

[2025-04-19 14:11:59]	[done]
	build successfully !

[2025-04-19 19:24:38]	[info] incremental build: 4 source files changed
These source files will be recompiled
---
'd:\01_EGGER\program\STM32Project\EGGER_2\src\Modules\Motor.c': source file has been changed.
'd:\01_EGGER\program\STM32Project\EGGER_2\src\Modules\PWM.c': source file has been changed.
'd:\01_EGGER\program\STM32Project\EGGER_2\src\Modules\Serial.c': source file has been changed.
'd:\01_EGGER\program\STM32Project\EGGER_2\src\main.c': source file has been changed.

[2025-04-19 19:24:39]	[done]
	build successfully !

[2025-04-19 19:26:30]	[info] incremental build: 1 source files changed
These source files will be recompiled
---
'd:\01_EGGER\program\STM32Project\EGGER_2\src\Modules\Serial.c': source file has been changed.

[2025-04-19 19:26:31]	[done]
	build successfully !

[2025-04-19 19:27:09]	[info] incremental build: 1 source files changed
These source files will be recompiled
---
'd:\01_EGGER\program\STM32Project\EGGER_2\src\Modules\Serial.c': source file has been changed.

[2025-04-19 19:27:09]	[done]
	build successfully !

[2025-04-19 19:31:01]	[info] incremental build: 3 source files changed
These source files will be recompiled
---
'd:\01_EGGER\program\STM32Project\EGGER_2\src\Modules\Motor.c': source file has been changed.
'd:\01_EGGER\program\STM32Project\EGGER_2\src\Modules\PWM.c': source file has been changed.
'd:\01_EGGER\program\STM32Project\EGGER_2\src\main.c': source file has been changed.

[2025-04-19 19:31:02]	[done]
	build successfully !

[2025-04-19 19:37:51]	[info] incremental build: 1 source files changed
These source files will be recompiled
---
'd:\01_EGGER\program\STM32Project\EGGER_2\src\Modules\PWM.c': source file has been changed.

[2025-04-19 19:37:51]	[done]
	build successfully !

[2025-04-19 19:42:52]	[info] incremental build: 2 source files changed
These source files will be recompiled
---
'd:\01_EGGER\program\STM32Project\EGGER_2\src\Modules\Motor.c': source file has been changed.
'd:\01_EGGER\program\STM32Project\EGGER_2\src\Modules\PWM.c': source file has been changed.

[2025-04-19 19:42:52]	[done]
	build successfully !

[2025-04-19 19:43:15]	[info] incremental build: 1 source files changed
These source files will be recompiled
---
'd:\01_EGGER\program\STM32Project\EGGER_2\src\Modules\Motor.c': source file has been changed.

[2025-04-19 19:43:15]	[done]
	build successfully !

[2025-04-19 20:00:37]	[info] incremental build: 2 source files changed
These source files will be recompiled
---
'd:\01_EGGER\program\STM32Project\EGGER_2\src\Modules\Motor.c': source file has been changed.
'd:\01_EGGER\program\STM32Project\EGGER_2\src\main.c': source file has been changed.

[2025-04-19 20:00:38]	[done]
	build successfully !

[2025-04-19 20:04:48]	[done]
	build successfully !

[2025-04-19 20:10:26]	[info] incremental build: 1 source files changed
These source files will be recompiled
---
'd:\01_EGGER\program\STM32Project\EGGER_2\src\main.c': source file has been changed.

[2025-04-19 20:10:26]	[done]
	build successfully !

[2025-04-19 20:10:55]	[info] incremental build: 1 source files changed
These source files will be recompiled
---
'd:\01_EGGER\program\STM32Project\EGGER_2\src\main.c': source file has been changed.

[2025-04-19 20:10:55]	[done]
	build successfully !

[2025-04-19 20:11:16]	[info] incremental build: 1 source files changed
These source files will be recompiled
---
'd:\01_EGGER\program\STM32Project\EGGER_2\src\main.c': source file has been changed.

[2025-04-19 20:11:16]	[done]
	build successfully !

[2025-04-19 20:14:31]	[info] incremental build: 1 source files changed
These source files will be recompiled
---
'd:\01_EGGER\program\STM32Project\EGGER_2\src\main.c': source file has been changed.

[2025-04-19 20:14:31]	[done]
	build successfully !

[2025-04-19 20:41:28]	[done]
	build successfully !

[2025-04-19 20:47:49]	[info] incremental build: 1 source files changed
These source files will be recompiled
---
'd:\01_EGGER\program\STM32Project\EGGER_2\src\main.c': source file has been changed.

[2025-04-19 20:47:49]	[done]
	build successfully !

[2025-04-19 20:50:54]	[info] incremental build: 1 source files changed
These source files will be recompiled
---
'd:\01_EGGER\program\STM32Project\EGGER_2\src\main.c': source file has been changed.

[2025-04-19 20:50:55]	[done]
	build successfully !

[2025-04-20 23:29:28]	[done]
	build successfully !

[2025-04-21 16:20:46]	[info] incremental build: 1 source files changed
These source files will be recompiled
---
'd:\01_EGGER\program\STM32Project\EGGER_2\src\main.c': source file has been changed.

[2025-04-21 16:20:46]	[done]
	build successfully !

[2025-04-21 16:22:08]	[info] incremental build: 1 source files changed
These source files will be recompiled
---
'd:\01_EGGER\program\STM32Project\EGGER_2\src\main.c': source file has been changed.

[2025-04-21 16:22:08]	[done]
	build successfully !

[2025-04-21 16:22:25]	[info] incremental build: 1 source files changed
These source files will be recompiled
---
'd:\01_EGGER\program\STM32Project\EGGER_2\src\main.c': source file has been changed.

[2025-04-21 16:22:25]	[done]
	build successfully !

[2025-04-21 16:22:37]	[info] incremental build: 1 source files changed
These source files will be recompiled
---
'd:\01_EGGER\program\STM32Project\EGGER_2\src\main.c': source file has been changed.

[2025-04-21 16:22:37]	[done]
	build successfully !

[2025-04-21 16:22:47]	[info] incremental build: 1 source files changed
These source files will be recompiled
---
'd:\01_EGGER\program\STM32Project\EGGER_2\src\main.c': source file has been changed.

[2025-04-21 16:22:47]	[done]
	build successfully !

[2025-04-21 16:26:12]	[info] incremental build: 1 source files changed
These source files will be recompiled
---
'd:\01_EGGER\program\STM32Project\EGGER_2\src\main.c': source file has been changed.

[2025-04-21 16:26:12]	[done]
	build successfully !

[2025-04-21 22:12:02]	[done]
	build successfully !

[2025-04-21 22:50:29]	[done]
	build successfully !

[2025-04-21 22:51:11]	[info] incremental build: 1 source files changed
These source files will be recompiled
---
'd:\01_EGGER\program\STM32Project\EGGER_2\src\main.c': source file has been changed.

[2025-04-21 22:51:12]	[done]
	build successfully !

[2025-04-21 22:53:52]	[info] incremental build: 1 source files changed
These source files will be recompiled
---
'd:\01_EGGER\program\STM32Project\EGGER_2\src\main.c': source file has been changed.

[2025-04-21 22:53:52]	[done]
	build successfully !

[2025-04-21 22:56:13]	[info] incremental build: 1 source files changed
These source files will be recompiled
---
'd:\01_EGGER\program\STM32Project\EGGER_2\src\main.c': source file has been changed.

[2025-04-21 22:56:13]	[done]
	build successfully !

[2025-04-28 21:29:29]	[info] incremental build: 1 source files changed
These source files will be recompiled
---
'd:\01_EGGER\program\STM32Project\EGGER_2\src\Modules\Motor.c': source file has been changed.

[2025-04-28 21:29:29]	compilation failed at : "d:\01_EGGER\program\STM32Project\EGGER_2\src\Modules\Motor.c", exit code: 1
command: 
  "C:\Users\chi62\.eide\tools\gcc_arm\bin\arm-none-eabi-gcc.exe" -c -xc -mthumb -std=c11 -Isrc -Ilib/cmsis -Ihal/STM32F10x_StdPeriph_Driver -Ihal/STM32F10x_StdPeriph_Driver/inc -Ihal/STM32F10x_StdPeriph_Driver/src -DUSE_STDPERIPH_DRIVER -DSTM32F10X_MD -mcpu=cortex-m3 -Og -Wall -g --specs=nosys.specs --specs=nano.specs -ffunction-sections -fdata-sections -o ./build/Debug/.obj/src/Modules/Motor.o -MMD ./src/Modules/Motor.c
   at unify_builder.Program.Main(String[] args_)
---
./src/Modules/Motor.c: In function 'Motor_CMD':
./src/Modules/Motor.c:123:43: error: expected ';' before 'GPIO_SetBits'
  123 |         GPIO_SetBits(GPIOA, MOTOR_A1_PIN1)
      |                                           ^
      |                                           ;
  124 |         GPIO_SetBits(GPIOB, MOTOR_B1_PIN1);
      |         ~~~~~~~~~~~~                       
./src/Modules/Motor.c:141:43: error: expected ';' before 'GPIO_SetBits'
  141 |         GPIO_SetBits(GPIOA, MOTOR_A2_PIN1)
      |                                           ^
      |                                           ;
  142 |         GPIO_SetBits(GPIOB, MOTOR_B2_PIN1);
      |         ~~~~~~~~~~~~

[2025-04-28 21:30:26]	[info] incremental build: 1 source files changed
These source files will be recompiled
---
'd:\01_EGGER\program\STM32Project\EGGER_2\src\Modules\Motor.c': source file has been changed.

[2025-04-28 21:30:26]	compilation failed at : "d:\01_EGGER\program\STM32Project\EGGER_2\src\Modules\Motor.c", exit code: 1
command: 
  "C:\Users\chi62\.eide\tools\gcc_arm\bin\arm-none-eabi-gcc.exe" -c -xc -mthumb -std=c11 -Isrc -Ilib/cmsis -Ihal/STM32F10x_StdPeriph_Driver -Ihal/STM32F10x_StdPeriph_Driver/inc -Ihal/STM32F10x_StdPeriph_Driver/src -DUSE_STDPERIPH_DRIVER -DSTM32F10X_MD -mcpu=cortex-m3 -Og -Wall -g --specs=nosys.specs --specs=nano.specs -ffunction-sections -fdata-sections -o ./build/Debug/.obj/src/Modules/Motor.o -MMD ./src/Modules/Motor.c
   at unify_builder.Program.Main(String[] args_)
---
./src/Modules/Motor.c: In function 'Motor_CMD':
./src/Modules/Motor.c:123:43: error: expected ';' before 'GPIO_SetBits'
  123 |         GPIO_SetBits(GPIOA, MOTOR_A1_PIN1)
      |                                           ^
      |                                           ;
  124 |         GPIO_SetBits(GPIOB, MOTOR_B1_PIN1);
      |         ~~~~~~~~~~~~                       
./src/Modules/Motor.c:141:43: error: expected ';' before 'GPIO_SetBits'
  141 |         GPIO_SetBits(GPIOA, MOTOR_A2_PIN1)
      |                                           ^
      |                                           ;
  142 |         GPIO_SetBits(GPIOB, MOTOR_B2_PIN1);
      |         ~~~~~~~~~~~~

[2025-04-28 21:30:36]	[info] incremental build: 1 source files changed
These source files will be recompiled
---
'd:\01_EGGER\program\STM32Project\EGGER_2\src\Modules\Motor.c': source file has been changed.

[2025-04-28 21:30:37]	[done]
	build successfully !

